<?xml version="1.0" encoding="UTF-8"?>
<testsuite name="Login Test"
           tests="2"
           failures="0"
           errors="0"
           skipped="0"
           time="0.584">
  <properties />
  
  
            <testcase name="verifyThatSixProductsAreDisplayedOnPage" time="0.300" classname="com.saucedemo.testsuite.LoginTest" />
                <testcase name="userShouldLoginSuccessfullyWithValidCredentials" time="0.284" classname="com.saucedemo.testsuite.LoginTest" />
      
</testsuite>
